<?xml version="1.0" encoding="UTF-8"?>
<testsuite xmlns:xsi="http://www.w3.org/2001/XMLSchema-instance" xsi:noNamespaceSchemaLocation="https://maven.apache.org/surefire/maven-surefire-plugin/xsd/surefire-test-report.xsd" version="3.0.2" name="TestSuite" time="1160.043" tests="2" errors="0" skipped="0" failures="2">
  <properties>
[...]
</properties>
  <testcase name="oneDiceTest" classname="tests.DiceRollerTest" time="582.28">
    <failure message="Deviation 14,20% on face 3 exceeds the 5% limit expected [true] but found [false]" type="java.lang.AssertionError"><![CDATA[java.lang.AssertionError: Deviation 14,20% on face 3 exceeds the 5% limit expected [true] but found [false]
	at org.testng.Assert.fail(Assert.java:111)
	at org.testng.Assert.failNotEquals(Assert.java:1578)
	at org.testng.Assert.assertTrue(Assert.java:57)
	at tests.DiceRollerTest.assertUniformDistribution(DiceRollerTest.java:122)
	at tests.DiceRollerTest.oneDiceTest(DiceRollerTest.java:64)
	at java.base/jdk.internal.reflect.DirectMethodHandleAccessor.invoke(DirectMethodHandleAccessor.java:104)
	at java.base/java.lang.reflect.Method.invoke(Method.java:565)
	at org.testng.internal.invokers.MethodInvocationHelper.invokeMethod(MethodInvocationHelper.java:141)
	at org.testng.internal.invokers.TestInvoker.invokeMethod(TestInvoker.java:686)
	at org.testng.internal.invokers.TestInvoker.invokeTestMethod(TestInvoker.java:230)
	at org.testng.internal.invokers.MethodRunner.runInSequence(MethodRunner.java:63)
	at org.testng.internal.invokers.TestInvoker$MethodInvocationAgent.invoke(TestInvoker.java:992)
	at org.testng.internal.invokers.TestInvoker.invokeTestMethods(TestInvoker.java:203)
	at org.testng.internal.invokers.TestMethodWorker.invokeTestMethods(TestMethodWorker.java:154)
	at org.testng.internal.invokers.TestMethodWorker.run(TestMethodWorker.java:134)
	at java.base/java.util.ArrayList.forEach(ArrayList.java:1604)
	at org.testng.TestRunner.privateRun(TestRunner.java:739)
	at org.testng.TestRunner.run(TestRunner.java:614)
	at org.testng.SuiteRunner.runTest(SuiteRunner.java:421)
	at org.testng.SuiteRunner.runSequentially(SuiteRunner.java:413)
	at org.testng.SuiteRunner.privateRun(SuiteRunner.java:373)
	at org.testng.SuiteRunner.run(SuiteRunner.java:312)
	at org.testng.SuiteRunnerWorker.runSuite(SuiteRunnerWorker.java:52)
	at org.testng.SuiteRunnerWorker.run(SuiteRunnerWorker.java:95)
	at org.testng.TestNG.runSuitesSequentially(TestNG.java:1274)
	at org.testng.TestNG.runSuitesLocally(TestNG.java:1208)
	at org.testng.TestNG.runSuites(TestNG.java:1112)
	at org.testng.TestNG.run(TestNG.java:1079)
	at org.apache.maven.surefire.testng.TestNGExecutor.run(TestNGExecutor.java:155)
	at org.apache.maven.surefire.testng.TestNGDirectoryTestSuite.executeMulti(TestNGDirectoryTestSuite.java:169)
	at org.apache.maven.surefire.testng.TestNGDirectoryTestSuite.execute(TestNGDirectoryTestSuite.java:88)
	at org.apache.maven.surefire.testng.TestNGProvider.invoke(TestNGProvider.java:137)
	at org.apache.maven.surefire.booter.ForkedBooter.runSuitesInProcess(ForkedBooter.java:385)
	at org.apache.maven.surefire.booter.ForkedBooter.execute(ForkedBooter.java:162)
	at org.apache.maven.surefire.booter.ForkedBooter.run(ForkedBooter.java:507)
	at org.apache.maven.surefire.booter.ForkedBooter.main(ForkedBooter.java:495)
]]></failure>
    <system-out><![CDATA[&amp#27;[34mStarting 1-dice distribution test (1000 rolls)...&amp#27;[0m
&amp#27;[34mProgress: 100/1000&amp#27;[0m
&amp#27;[34mProgress: 200/1000&amp#27;[0m
&amp#27;[34mProgress: 300/1000&amp#27;[0m
&amp#27;[34mProgress: 400/1000&amp#27;[0m
&amp#27;[34mProgress: 500/1000&amp#27;[0m
&amp#27;[34mProgress: 600/1000&amp#27;[0m
&amp#27;[34mProgress: 700/1000&amp#27;[0m
&amp#27;[34mProgress: 800/1000&amp#27;[0m
&amp#27;[34mProgress: 900/1000&amp#27;[0m
&amp#27;[34mProgress: 1000/1000&amp#27;[0m
&amp#27;[34m--- Distribution Chart (expected: 167 per face) ---&amp#27;[0m
&amp#27;[34mFace 1 [████████████████████████████████        ]  151 (-9,4%)&amp#27;[0m
&amp#27;[34mFace 2 [█████████████████████████████████████   ]  177 (+6,2%)&amp#27;[0m
&amp#27;[34mFace 3 [██████████████████████████████          ]  143 (-14,2%)&amp#27;[0m
&amp#27;[34mFace 4 [████████████████████████████████████████]  188 (+12,8%)&amp#27;[0m
&amp#27;[34mFace 5 [█████████████████████████████████████   ]  178 (+6,8%)&amp#27;[0m
&amp#27;[34mFace 6 [██████████████████████████████████      ]  163 (-2,2%)&amp#27;[0m
&amp#27;[34mMax deviation: 14,20% (face 3 — count 143, expected 167)&amp#27;[0m
]]></system-out>
    <system-err><![CDATA[SLF4J: Failed to load class "org.slf4j.impl.StaticLoggerBinder".
SLF4J: Defaulting to no-operation (NOP) logger implementation
SLF4J: See http://www.slf4j.org/codes.html#StaticLoggerBinder for further details.
abr 27, 2026 6:12:39 P. M. org.openqa.selenium.devtools.CdpVersionFinder findNearestMatch
ADVERTENCIA: Unable to find CDP implementation matching 147
abr 27, 2026 6:12:39 P. M. org.openqa.selenium.chromium.ChromiumDriver lambda$new$5
ADVERTENCIA: Unable to find version of CDP to use for 147.0.7727.102. You may need to include a dependency on a specific version of the CDP using something similar to `org.seleniumhq.selenium:selenium-devtools-v86:4.27.0` where the version ("v86") matches the version of the chromium-based browser you're using and the version number of the artifact is the same as Selenium's.
]]></system-err>
  </testcase>
  <testcase name="twoDicesTest" classname="tests.DiceRollerTest" time="571.422">
    <failure message="Deviation 16,00% on face 4 exceeds the 5% limit expected [true] but found [false]" type="java.lang.AssertionError"><![CDATA[java.lang.AssertionError: Deviation 16,00% on face 4 exceeds the 5% limit expected [true] but found [false]
	at org.testng.Assert.fail(Assert.java:111)
	at org.testng.Assert.failNotEquals(Assert.java:1578)
	at org.testng.Assert.assertTrue(Assert.java:57)
	at tests.DiceRollerTest.assertUniformDistribution(DiceRollerTest.java:122)
	at tests.DiceRollerTest.twoDicesTest(DiceRollerTest.java:98)
	at java.base/jdk.internal.reflect.DirectMethodHandleAccessor.invoke(DirectMethodHandleAccessor.java:104)
	at java.base/java.lang.reflect.Method.invoke(Method.java:565)
	at org.testng.internal.invokers.MethodInvocationHelper.invokeMethod(MethodInvocationHelper.java:141)
	at org.testng.internal.invokers.TestInvoker.invokeMethod(TestInvoker.java:686)
	at org.testng.internal.invokers.TestInvoker.invokeTestMethod(TestInvoker.java:230)
	at org.testng.internal.invokers.MethodRunner.runInSequence(MethodRunner.java:63)
	at org.testng.internal.invokers.TestInvoker$MethodInvocationAgent.invoke(TestInvoker.java:992)
	at org.testng.internal.invokers.TestInvoker.invokeTestMethods(TestInvoker.java:203)
	at org.testng.internal.invokers.TestMethodWorker.invokeTestMethods(TestMethodWorker.java:154)
	at org.testng.internal.invokers.TestMethodWorker.run(TestMethodWorker.java:134)
	at java.base/java.util.ArrayList.forEach(ArrayList.java:1604)
	at org.testng.TestRunner.privateRun(TestRunner.java:739)
	at org.testng.TestRunner.run(TestRunner.java:614)
	at org.testng.SuiteRunner.runTest(SuiteRunner.java:421)
	at org.testng.SuiteRunner.runSequentially(SuiteRunner.java:413)
	at org.testng.SuiteRunner.privateRun(SuiteRunner.java:373)
	at org.testng.SuiteRunner.run(SuiteRunner.java:312)
	at org.testng.SuiteRunnerWorker.runSuite(SuiteRunnerWorker.java:52)
	at org.testng.SuiteRunnerWorker.run(SuiteRunnerWorker.java:95)
	at org.testng.TestNG.runSuitesSequentially(TestNG.java:1274)
	at org.testng.TestNG.runSuitesLocally(TestNG.java:1208)
	at org.testng.TestNG.runSuites(TestNG.java:1112)
	at org.testng.TestNG.run(TestNG.java:1079)
	at org.apache.maven.surefire.testng.TestNGExecutor.run(TestNGExecutor.java:155)
	at org.apache.maven.surefire.testng.TestNGDirectoryTestSuite.executeMulti(TestNGDirectoryTestSuite.java:169)
	at org.apache.maven.surefire.testng.TestNGDirectoryTestSuite.execute(TestNGDirectoryTestSuite.java:88)
	at org.apache.maven.surefire.testng.TestNGProvider.invoke(TestNGProvider.java:137)
	at org.apache.maven.surefire.booter.ForkedBooter.runSuitesInProcess(ForkedBooter.java:385)
	at org.apache.maven.surefire.booter.ForkedBooter.execute(ForkedBooter.java:162)
	at org.apache.maven.surefire.booter.ForkedBooter.run(ForkedBooter.java:507)
	at org.apache.maven.surefire.booter.ForkedBooter.main(ForkedBooter.java:495)
]]></failure>
    <system-out><![CDATA[&amp#27;[34mStarting 2-dice distribution test (1000 rolls)...&amp#27;[0m
&amp#27;[34mProgress: 100/1000&amp#27;[0m
&amp#27;[34mProgress: 200/1000&amp#27;[0m
&amp#27;[34mProgress: 300/1000&amp#27;[0m
&amp#27;[34mProgress: 400/1000&amp#27;[0m
&amp#27;[34mProgress: 500/1000&amp#27;[0m
&amp#27;[34mProgress: 600/1000&amp#27;[0m
&amp#27;[34mProgress: 700/1000&amp#27;[0m
&amp#27;[34mProgress: 800/1000&amp#27;[0m
&amp#27;[34mProgress: 900/1000&amp#27;[0m
&amp#27;[34mProgress: 1000/1000&amp#27;[0m
&amp#27;[34m=== Die 1 ===&amp#27;[0m
&amp#27;[34m--- Distribution Chart (expected: 167 per face) ---&amp#27;[0m
&amp#27;[34mFace 1 [████████████████████████████████████████]  188 (+12,8%)&amp#27;[0m
&amp#27;[34mFace 2 [█████████████████████████████████████   ]  177 (+6,2%)&amp#27;[0m
&amp#27;[34mFace 3 [████████████████████████████████        ]  153 (-8,2%)&amp#27;[0m
&amp#27;[34mFace 4 [█████████████████████████████           ]  140 (-16,0%)&amp#27;[0m
&amp#27;[34mFace 5 [█████████████████████████████████████   ]  174 (+4,4%)&amp#27;[0m
&amp#27;[34mFace 6 [███████████████████████████████████     ]  168 (+0,8%)&amp#27;[0m
&amp#27;[34mMax deviation: 16,00% (face 4 — count 140, expected 167)&amp#27;[0m
]]></system-out>
    <system-err><![CDATA[abr 27, 2026 6:22:24 P. M. org.openqa.selenium.devtools.CdpVersionFinder findNearestMatch
ADVERTENCIA: Unable to find CDP implementation matching 147
abr 27, 2026 6:22:24 P. M. org.openqa.selenium.chromium.ChromiumDriver lambda$new$5
ADVERTENCIA: Unable to find version of CDP to use for 147.0.7727.102. You may need to include a dependency on a specific version of the CDP using something similar to `org.seleniumhq.selenium:selenium-devtools-v86:4.27.0` where the version ("v86") matches the version of the chromium-based browser you're using and the version number of the artifact is the same as Selenium's.
]]></system-err>
  </testcase>
</testsuite>