<?xml version="1.0" encoding="UTF-8"?>
<testng-results ignored="0" total="2" passed="0" failed="2" skipped="0">
  <reporter-output>
    <line>
      <![CDATA[Starting 1-dice distribution test (1000 rolls)...]]>
    </line>
    <line>
      <![CDATA[Progress: 100/1000]]>
    </line>
    <line>
      <![CDATA[Progress: 200/1000]]>
    </line>
    <line>
      <![CDATA[Progress: 300/1000]]>
    </line>
    <line>
      <![CDATA[Progress: 400/1000]]>
    </line>
    <line>
      <![CDATA[Progress: 500/1000]]>
    </line>
    <line>
      <![CDATA[Progress: 600/1000]]>
    </line>
    <line>
      <![CDATA[Progress: 700/1000]]>
    </line>
    <line>
      <![CDATA[Progress: 800/1000]]>
    </line>
    <line>
      <![CDATA[Progress: 900/1000]]>
    </line>
    <line>
      <![CDATA[Progress: 1000/1000]]>
    </line>
    <line>
      <![CDATA[--- Distribution Chart (expected: 167 per face) ---]]>
    </line>
    <line>
      <![CDATA[Face 1 [████████████████████████████████        ]  151 (-9,4%)]]>
    </line>
    <line>
      <![CDATA[Face 2 [█████████████████████████████████████   ]  177 (+6,2%)]]>
    </line>
    <line>
      <![CDATA[Face 3 [██████████████████████████████          ]  143 (-14,2%)]]>
    </line>
    <line>
      <![CDATA[Face 4 [████████████████████████████████████████]  188 (+12,8%)]]>
    </line>
    <line>
      <![CDATA[Face 5 [█████████████████████████████████████   ]  178 (+6,8%)]]>
    </line>
    <line>
      <![CDATA[Face 6 [██████████████████████████████████      ]  163 (-2,2%)]]>
    </line>
    <line>
      <![CDATA[Max deviation: 14,20% (face 3 — count 143, expected 167)]]>
    </line>
    <line>
      <![CDATA[Starting 2-dice distribution test (1000 rolls)...]]>
    </line>
    <line>
      <![CDATA[Progress: 100/1000]]>
    </line>
    <line>
      <![CDATA[Progress: 200/1000]]>
    </line>
    <line>
      <![CDATA[Progress: 300/1000]]>
    </line>
    <line>
      <![CDATA[Progress: 400/1000]]>
    </line>
    <line>
      <![CDATA[Progress: 500/1000]]>
    </line>
    <line>
      <![CDATA[Progress: 600/1000]]>
    </line>
    <line>
      <![CDATA[Progress: 700/1000]]>
    </line>
    <line>
      <![CDATA[Progress: 800/1000]]>
    </line>
    <line>
      <![CDATA[Progress: 900/1000]]>
    </line>
    <line>
      <![CDATA[Progress: 1000/1000]]>
    </line>
    <line>
      <![CDATA[=== Die 1 ===]]>
    </line>
    <line>
      <![CDATA[--- Distribution Chart (expected: 167 per face) ---]]>
    </line>
    <line>
      <![CDATA[Face 1 [████████████████████████████████████████]  188 (+12,8%)]]>
    </line>
    <line>
      <![CDATA[Face 2 [█████████████████████████████████████   ]  177 (+6,2%)]]>
    </line>
    <line>
      <![CDATA[Face 3 [████████████████████████████████        ]  153 (-8,2%)]]>
    </line>
    <line>
      <![CDATA[Face 4 [█████████████████████████████           ]  140 (-16,0%)]]>
    </line>
    <line>
      <![CDATA[Face 5 [█████████████████████████████████████   ]  174 (+4,4%)]]>
    </line>
    <line>
      <![CDATA[Face 6 [███████████████████████████████████     ]  168 (+0,8%)]]>
    </line>
    <line>
      <![CDATA[Max deviation: 16,00% (face 4 — count 140, expected 167)]]>
    </line>
  </reporter-output>
  <suite started-at="2026-04-27T18:12:37 ART" name="Surefire suite" finished-at="2026-04-27T18:31:56 ART" duration-ms="1159674">
    <groups>
    </groups>
    <test started-at="2026-04-27T18:12:37 ART" name="Surefire test" finished-at="2026-04-27T18:31:56 ART" duration-ms="1159674">
      <class name="tests.DiceRollerTest">
        <test-method is-config="true" signature="setUp()[pri:0, instance:tests.DiceRollerTest@62e136d3]" started-at="2026-04-27T18:12:37 ART" name="setUp" finished-at="2026-04-27T18:12:39 ART" duration-ms="2399" status="PASS">
          <reporter-output>
          </reporter-output>
        </test-method> <!-- setUp -->
        <test-method signature="oneDiceTest()[pri:0, instance:tests.DiceRollerTest@62e136d3]" started-at="2026-04-27T18:12:39 ART" name="oneDiceTest" finished-at="2026-04-27T18:22:21 ART" duration-ms="582276" status="FAIL">
          <exception class="java.lang.AssertionError">
            <message>
              <![CDATA[Deviation 14,20% on face 3 exceeds the 5% limit expected [true] but found [false]]]>
            </message>
            <full-stacktrace>
              <![CDATA[java.lang.AssertionError: Deviation 14,20% on face 3 exceeds the 5% limit expected [true] but found [false]
at org.testng.Assert.fail(Assert.java:111)
at org.testng.Assert.failNotEquals(Assert.java:1578)
at org.testng.Assert.assertTrue(Assert.java:57)
at tests.DiceRollerTest.assertUniformDistribution(DiceRollerTest.java:122)
at tests.DiceRollerTest.oneDiceTest(DiceRollerTest.java:64)
at java.base/jdk.internal.reflect.DirectMethodHandleAccessor.invoke(DirectMethodHandleAccessor.java:104)
at java.base/java.lang.reflect.Method.invoke(Method.java:565)
at org.testng.internal.invokers.MethodInvocationHelper.invokeMethod(MethodInvocationHelper.java:141)
at org.testng.internal.invokers.TestInvoker.invokeMethod(TestInvoker.java:686)
at org.testng.internal.invokers.TestInvoker.invokeTestMethod(TestInvoker.java:230)
at org.testng.internal.invokers.MethodRunner.runInSequence(MethodRunner.java:63)
at org.testng.internal.invokers.TestInvoker$MethodInvocationAgent.invoke(TestInvoker.java:992)
at org.testng.internal.invokers.TestInvoker.invokeTestMethods(TestInvoker.java:203)
at org.testng.internal.invokers.TestMethodWorker.invokeTestMethods(TestMethodWorker.java:154)
at org.testng.internal.invokers.TestMethodWorker.run(TestMethodWorker.java:134)
at java.base/java.util.ArrayList.forEach(ArrayList.java:1604)
at org.testng.TestRunner.privateRun(TestRunner.java:739)
at org.testng.TestRunner.run(TestRunner.java:614)
at org.testng.SuiteRunner.runTest(SuiteRunner.java:421)
at org.testng.SuiteRunner.runSequentially(SuiteRunner.java:413)
at org.testng.SuiteRunner.privateRun(SuiteRunner.java:373)
at org.testng.SuiteRunner.run(SuiteRunner.java:312)
at org.testng.SuiteRunnerWorker.runSuite(SuiteRunnerWorker.java:52)
at org.testng.SuiteRunnerWorker.run(SuiteRunnerWorker.java:95)
at org.testng.TestNG.runSuitesSequentially(TestNG.java:1274)
at org.testng.TestNG.runSuitesLocally(TestNG.java:1208)
at org.testng.TestNG.runSuites(TestNG.java:1112)
at org.testng.TestNG.run(TestNG.java:1079)
at org.apache.maven.surefire.testng.TestNGExecutor.run(TestNGExecutor.java:155)
at org.apache.maven.surefire.testng.TestNGDirectoryTestSuite.executeMulti(TestNGDirectoryTestSuite.java:169)
at org.apache.maven.surefire.testng.TestNGDirectoryTestSuite.execute(TestNGDirectoryTestSuite.java:88)
at org.apache.maven.surefire.testng.TestNGProvider.invoke(TestNGProvider.java:137)
at org.apache.maven.surefire.booter.ForkedBooter.runSuitesInProcess(ForkedBooter.java:385)
at org.apache.maven.surefire.booter.ForkedBooter.execute(ForkedBooter.java:162)
at org.apache.maven.surefire.booter.ForkedBooter.run(ForkedBooter.java:507)
at org.apache.maven.surefire.booter.ForkedBooter.main(ForkedBooter.java:495)
]]>
            </full-stacktrace>
          </exception> <!-- java.lang.AssertionError -->
          <reporter-output>
            <line>
              <![CDATA[Starting 1-dice distribution test (1000 rolls)...]]>
            </line>
            <line>
              <![CDATA[Progress: 100/1000]]>
            </line>
            <line>
              <![CDATA[Progress: 200/1000]]>
            </line>
            <line>
              <![CDATA[Progress: 300/1000]]>
            </line>
            <line>
              <![CDATA[Progress: 400/1000]]>
            </line>
            <line>
              <![CDATA[Progress: 500/1000]]>
            </line>
            <line>
              <![CDATA[Progress: 600/1000]]>
            </line>
            <line>
              <![CDATA[Progress: 700/1000]]>
            </line>
            <line>
              <![CDATA[Progress: 800/1000]]>
            </line>
            <line>
              <![CDATA[Progress: 900/1000]]>
            </line>
            <line>
              <![CDATA[Progress: 1000/1000]]>
            </line>
            <line>
              <![CDATA[--- Distribution Chart (expected: 167 per face) ---]]>
            </line>
            <line>
              <![CDATA[Face 1 [████████████████████████████████        ]  151 (-9,4%)]]>
            </line>
            <line>
              <![CDATA[Face 2 [█████████████████████████████████████   ]  177 (+6,2%)]]>
            </line>
            <line>
              <![CDATA[Face 3 [██████████████████████████████          ]  143 (-14,2%)]]>
            </line>
            <line>
              <![CDATA[Face 4 [████████████████████████████████████████]  188 (+12,8%)]]>
            </line>
            <line>
              <![CDATA[Face 5 [█████████████████████████████████████   ]  178 (+6,8%)]]>
            </line>
            <line>
              <![CDATA[Face 6 [██████████████████████████████████      ]  163 (-2,2%)]]>
            </line>
            <line>
              <![CDATA[Max deviation: 14,20% (face 3 — count 143, expected 167)]]>
            </line>
          </reporter-output>
        </test-method> <!-- oneDiceTest -->
        <test-method is-config="true" signature="tearDown(org.testng.ITestResult)[pri:0, instance:tests.DiceRollerTest@62e136d3]" started-at="2026-04-27T18:22:21 ART" name="tearDown" finished-at="2026-04-27T18:22:22 ART" duration-ms="814" status="PASS">
          <params>
            <param index="0">
              <value>
                <![CDATA[[TestResult name=oneDiceTest status=FAILURE method=DiceRollerTest.oneDiceTest()[pri:0, instance:tests.DiceRollerTest@62e136d3] output=Starting 1-dice distribution test (1000 rolls)...]]]>
              </value>
            </param>
          </params>
          <reporter-output>
          </reporter-output>
        </test-method> <!-- tearDown -->
        <test-method is-config="true" signature="setUp()[pri:0, instance:tests.DiceRollerTest@62e136d3]" started-at="2026-04-27T18:22:22 ART" name="setUp" finished-at="2026-04-27T18:22:24 ART" duration-ms="2212" status="PASS">
          <reporter-output>
          </reporter-output>
        </test-method> <!-- setUp -->
        <test-method signature="twoDicesTest()[pri:0, instance:tests.DiceRollerTest@62e136d3]" started-at="2026-04-27T18:22:24 ART" name="twoDicesTest" finished-at="2026-04-27T18:31:56 ART" duration-ms="571420" status="FAIL">
          <exception class="java.lang.AssertionError">
            <message>
              <![CDATA[Deviation 16,00% on face 4 exceeds the 5% limit expected [true] but found [false]]]>
            </message>
            <full-stacktrace>
              <![CDATA[java.lang.AssertionError: Deviation 16,00% on face 4 exceeds the 5% limit expected [true] but found [false]
at org.testng.Assert.fail(Assert.java:111)
at org.testng.Assert.failNotEquals(Assert.java:1578)
at org.testng.Assert.assertTrue(Assert.java:57)
at tests.DiceRollerTest.assertUniformDistribution(DiceRollerTest.java:122)
at tests.DiceRollerTest.twoDicesTest(DiceRollerTest.java:98)
at java.base/jdk.internal.reflect.DirectMethodHandleAccessor.invoke(DirectMethodHandleAccessor.java:104)
at java.base/java.lang.reflect.Method.invoke(Method.java:565)
at org.testng.internal.invokers.MethodInvocationHelper.invokeMethod(MethodInvocationHelper.java:141)
at org.testng.internal.invokers.TestInvoker.invokeMethod(TestInvoker.java:686)
at org.testng.internal.invokers.TestInvoker.invokeTestMethod(TestInvoker.java:230)
at org.testng.internal.invokers.MethodRunner.runInSequence(MethodRunner.java:63)
at org.testng.internal.invokers.TestInvoker$MethodInvocationAgent.invoke(TestInvoker.java:992)
at org.testng.internal.invokers.TestInvoker.invokeTestMethods(TestInvoker.java:203)
at org.testng.internal.invokers.TestMethodWorker.invokeTestMethods(TestMethodWorker.java:154)
at org.testng.internal.invokers.TestMethodWorker.run(TestMethodWorker.java:134)
at java.base/java.util.ArrayList.forEach(ArrayList.java:1604)
at org.testng.TestRunner.privateRun(TestRunner.java:739)
at org.testng.TestRunner.run(TestRunner.java:614)
at org.testng.SuiteRunner.runTest(SuiteRunner.java:421)
at org.testng.SuiteRunner.runSequentially(SuiteRunner.java:413)
at org.testng.SuiteRunner.privateRun(SuiteRunner.java:373)
at org.testng.SuiteRunner.run(SuiteRunner.java:312)
at org.testng.SuiteRunnerWorker.runSuite(SuiteRunnerWorker.java:52)
at org.testng.SuiteRunnerWorker.run(SuiteRunnerWorker.java:95)
at org.testng.TestNG.runSuitesSequentially(TestNG.java:1274)
at org.testng.TestNG.runSuitesLocally(TestNG.java:1208)
at org.testng.TestNG.runSuites(TestNG.java:1112)
at org.testng.TestNG.run(TestNG.java:1079)
at org.apache.maven.surefire.testng.TestNGExecutor.run(TestNGExecutor.java:155)
at org.apache.maven.surefire.testng.TestNGDirectoryTestSuite.executeMulti(TestNGDirectoryTestSuite.java:169)
at org.apache.maven.surefire.testng.TestNGDirectoryTestSuite.execute(TestNGDirectoryTestSuite.java:88)
at org.apache.maven.surefire.testng.TestNGProvider.invoke(TestNGProvider.java:137)
at org.apache.maven.surefire.booter.ForkedBooter.runSuitesInProcess(ForkedBooter.java:385)
at org.apache.maven.surefire.booter.ForkedBooter.execute(ForkedBooter.java:162)
at org.apache.maven.surefire.booter.ForkedBooter.run(ForkedBooter.java:507)
at org.apache.maven.surefire.booter.ForkedBooter.main(ForkedBooter.java:495)
]]>
            </full-stacktrace>
          </exception> <!-- java.lang.AssertionError -->
          <reporter-output>
            <line>
              <![CDATA[Starting 2-dice distribution test (1000 rolls)...]]>
            </line>
            <line>
              <![CDATA[Progress: 100/1000]]>
            </line>
            <line>
              <![CDATA[Progress: 200/1000]]>
            </line>
            <line>
              <![CDATA[Progress: 300/1000]]>
            </line>
            <line>
              <![CDATA[Progress: 400/1000]]>
            </line>
            <line>
              <![CDATA[Progress: 500/1000]]>
            </line>
            <line>
              <![CDATA[Progress: 600/1000]]>
            </line>
            <line>
              <![CDATA[Progress: 700/1000]]>
            </line>
            <line>
              <![CDATA[Progress: 800/1000]]>
            </line>
            <line>
              <![CDATA[Progress: 900/1000]]>
            </line>
            <line>
              <![CDATA[Progress: 1000/1000]]>
            </line>
            <line>
              <![CDATA[=== Die 1 ===]]>
            </line>
            <line>
              <![CDATA[--- Distribution Chart (expected: 167 per face) ---]]>
            </line>
            <line>
              <![CDATA[Face 1 [████████████████████████████████████████]  188 (+12,8%)]]>
            </line>
            <line>
              <![CDATA[Face 2 [█████████████████████████████████████   ]  177 (+6,2%)]]>
            </line>
            <line>
              <![CDATA[Face 3 [████████████████████████████████        ]  153 (-8,2%)]]>
            </line>
            <line>
              <![CDATA[Face 4 [█████████████████████████████           ]  140 (-16,0%)]]>
            </line>
            <line>
              <![CDATA[Face 5 [█████████████████████████████████████   ]  174 (+4,4%)]]>
            </line>
            <line>
              <![CDATA[Face 6 [███████████████████████████████████     ]  168 (+0,8%)]]>
            </line>
            <line>
              <![CDATA[Max deviation: 16,00% (face 4 — count 140, expected 167)]]>
            </line>
          </reporter-output>
        </test-method> <!-- twoDicesTest -->
        <test-method is-config="true" signature="tearDown(org.testng.ITestResult)[pri:0, instance:tests.DiceRollerTest@62e136d3]" started-at="2026-04-27T18:31:56 ART" name="tearDown" finished-at="2026-04-27T18:31:56 ART" duration-ms="521" status="PASS">
          <params>
            <param index="0">
              <value>
                <![CDATA[[TestResult name=twoDicesTest status=FAILURE method=DiceRollerTest.twoDicesTest()[pri:0, instance:tests.DiceRollerTest@62e136d3] output=Starting 2-dice distribution test (1000 rolls)...]]]>
              </value>
            </param>
          </params>
          <reporter-output>
          </reporter-output>
        </test-method> <!-- tearDown -->
      </class> <!-- tests.DiceRollerTest -->
    </test> <!-- Surefire test -->
  </suite> <!-- Surefire suite -->
</testng-results>
