<?xml version="1.0" encoding="UTF-8"?>
<testng-results ignored="0" total="2" passed="2" failed="0" skipped="0">
  <reporter-output>
    <line>
      <![CDATA[Starting test...]]>
    </line>
    <line>
      <![CDATA[Getting text...]]>
    </line>
    <line>
      <![CDATA[Text: You rolled 1 die:]]>
    </line>
    <line>
      <![CDATA[Clicking on Roll Again button...]]>
    </line>
    <line>
      <![CDATA[Getting timestamp...]]>
    </line>
    <line>
      <![CDATA[Timestamp: 2019-07-29 03:55:47 UTC]]>
    </line>
    <line>
      <![CDATA[Test Passed]]>
    </line>
    <line>
      <![CDATA[Starting test...]]>
    </line>
    <line>
      <![CDATA[Getting text...]]>
    </line>
    <line>
      <![CDATA[Text: You rolled 2 dice:]]>
    </line>
    <line>
      <![CDATA[Clicking on Roll Again button...]]>
    </line>
    <line>
      <![CDATA[Getting timestamp...]]>
    </line>
    <line>
      <![CDATA[Timestamp: 2019-07-29 03:56:07 UTC]]>
    </line>
    <line>
      <![CDATA[Test Passed]]>
    </line>
  </reporter-output>
  <suite started-at="2019-07-29T03:55:33Z" name="Command line suite" finished-at="2019-07-29T03:56:13Z" duration-ms="39928">
    <groups>
    </groups>
    <test started-at="2019-07-29T03:55:33Z" name="Command line test" finished-at="2019-07-29T03:56:13Z" duration-ms="39928">
      <class name="tests.DiceRollerTest">
        <test-method is-config="true" signature="setUp()[pri:0, instance:tests.DiceRollerTest@1c93084c]" started-at="2019-07-29T03:55:33Z" name="setUp" finished-at="2019-07-29T03:55:43Z" duration-ms="10131" status="PASS">
          <reporter-output>
          </reporter-output>
        </test-method> <!-- setUp -->
        <test-method signature="oneDiceTest()[pri:0, instance:tests.DiceRollerTest@1c93084c]" started-at="2019-07-29T03:55:43Z" name="oneDiceTest" finished-at="2019-07-29T03:55:54Z" duration-ms="10553" status="PASS">
          <reporter-output>
            <line>
              <![CDATA[Starting test...]]>
            </line>
            <line>
              <![CDATA[Getting text...]]>
            </line>
            <line>
              <![CDATA[Text: You rolled 1 die:]]>
            </line>
            <line>
              <![CDATA[Clicking on Roll Again button...]]>
            </line>
            <line>
              <![CDATA[Getting timestamp...]]>
            </line>
            <line>
              <![CDATA[Timestamp: 2019-07-29 03:55:47 UTC]]>
            </line>
            <line>
              <![CDATA[Test Passed]]>
            </line>
          </reporter-output>
        </test-method> <!-- oneDiceTest -->
        <test-method is-config="true" signature="tearDown(org.testng.ITestResult)[pri:0, instance:tests.DiceRollerTest@1c93084c]" started-at="2019-07-29T03:55:54Z" name="tearDown" finished-at="2019-07-29T03:55:54Z" duration-ms="154" status="PASS">
          <params>
            <param index="0">
              <value>
                <![CDATA[[TestResult name=oneDiceTest status=SUCCESS method=DiceRollerTest.oneDiceTest()[pri:0, instance:tests.DiceRollerTest@1c93084c] output=Starting test...]]]>
              </value>
            </param>
          </params>
          <reporter-output>
          </reporter-output>
        </test-method> <!-- tearDown -->
        <test-method is-config="true" signature="setUp()[pri:0, instance:tests.DiceRollerTest@1c93084c]" started-at="2019-07-29T03:55:54Z" name="setUp" finished-at="2019-07-29T03:56:03Z" duration-ms="8952" status="PASS">
          <reporter-output>
          </reporter-output>
        </test-method> <!-- setUp -->
        <test-method signature="twoDicesTest()[pri:0, instance:tests.DiceRollerTest@1c93084c]" started-at="2019-07-29T03:56:03Z" name="twoDicesTest" finished-at="2019-07-29T03:56:13Z" duration-ms="10001" status="PASS">
          <reporter-output>
            <line>
              <![CDATA[Starting test...]]>
            </line>
            <line>
              <![CDATA[Getting text...]]>
            </line>
            <line>
              <![CDATA[Text: You rolled 2 dice:]]>
            </line>
            <line>
              <![CDATA[Clicking on Roll Again button...]]>
            </line>
            <line>
              <![CDATA[Getting timestamp...]]>
            </line>
            <line>
              <![CDATA[Timestamp: 2019-07-29 03:56:07 UTC]]>
            </line>
            <line>
              <![CDATA[Test Passed]]>
            </line>
          </reporter-output>
        </test-method> <!-- twoDicesTest -->
        <test-method is-config="true" signature="tearDown(org.testng.ITestResult)[pri:0, instance:tests.DiceRollerTest@1c93084c]" started-at="2019-07-29T03:56:13Z" name="tearDown" finished-at="2019-07-29T03:56:13Z" duration-ms="107" status="PASS">
          <params>
            <param index="0">
              <value>
                <![CDATA[[TestResult name=twoDicesTest status=SUCCESS method=DiceRollerTest.twoDicesTest()[pri:0, instance:tests.DiceRollerTest@1c93084c] output=Starting test...]]]>
              </value>
            </param>
          </params>
          <reporter-output>
          </reporter-output>
        </test-method> <!-- tearDown -->
      </class> <!-- tests.DiceRollerTest -->
    </test> <!-- Command line test -->
  </suite> <!-- Command line suite -->
</testng-results>
