<?xml version="1.0" encoding="UTF-8"?>
<!-- Generated by org.testng.reporters.JUnitReportReporter -->
<testsuite hostname="MacBookPro.fibertel.com.ar" failures="2" tests="2" name="tests.DiceRollerTest" time="1159.642" errors="0" timestamp="2026-04-27T18:31:56 ART" skipped="0">
  <testcase classname="tests.DiceRollerTest" name="oneDiceTest" time="585.489">
    <failure message="Deviation 14,20% on face 3 exceeds the 5% limit expected [true] but found [false]" type="java.lang.AssertionError">
      <![CDATA[java.lang.AssertionError: Deviation 14,20% on face 3 exceeds the 5% limit expected [true] but found [false]
at org.testng.Assert.fail(Assert.java:111)
at org.testng.Assert.failNotEquals(Assert.java:1578)
at org.testng.Assert.assertTrue(Assert.java:57)
at tests.DiceRollerTest.assertUniformDistribution(DiceRollerTest.java:122)
at tests.DiceRollerTest.oneDiceTest(DiceRollerTest.java:64)
at java.base/jdk.internal.reflect.DirectMethodHandleAccessor.invoke(DirectMethodHandleAccessor.java:104)
at java.base/java.lang.reflect.Method.invoke(Method.java:565)
at org.testng.internal.invokers.MethodInvocationHelper.invokeMethod(MethodInvocationHelper.java:141)
at org.testng.internal.invokers.TestInvoker.invokeMethod(TestInvoker.java:686)
at org.testng.internal.invokers.TestInvoker.invokeTestMethod(TestInvoker.java:230)
at org.testng.internal.invokers.MethodRunner.runInSequence(MethodRunner.java:63)
at org.testng.internal.invokers.TestInvoker$MethodInvocationAgent.invoke(TestInvoker.java:992)
at org.testng.internal.invokers.TestInvoker.invokeTestMethods(TestInvoker.java:203)
at org.testng.internal.invokers.TestMethodWorker.invokeTestMethods(TestMethodWorker.java:154)
at org.testng.internal.invokers.TestMethodWorker.run(TestMethodWorker.java:134)
at java.base/java.util.ArrayList.forEach(ArrayList.java:1604)
at org.testng.TestRunner.privateRun(TestRunner.java:739)
at org.testng.TestRunner.run(TestRunner.java:614)
at org.testng.SuiteRunner.runTest(SuiteRunner.java:421)
at org.testng.SuiteRunner.runSequentially(SuiteRunner.java:413)
at org.testng.SuiteRunner.privateRun(SuiteRunner.java:373)
at org.testng.SuiteRunner.run(SuiteRunner.java:312)
at org.testng.SuiteRunnerWorker.runSuite(SuiteRunnerWorker.java:52)
at org.testng.SuiteRunnerWorker.run(SuiteRunnerWorker.java:95)
at org.testng.TestNG.runSuitesSequentially(TestNG.java:1274)
at org.testng.TestNG.runSuitesLocally(TestNG.java:1208)
at org.testng.TestNG.runSuites(TestNG.java:1112)
at org.testng.TestNG.run(TestNG.java:1079)
at org.apache.maven.surefire.testng.TestNGExecutor.run(TestNGExecutor.java:155)
at org.apache.maven.surefire.testng.TestNGDirectoryTestSuite.executeMulti(TestNGDirectoryTestSuite.java:169)
at org.apache.maven.surefire.testng.TestNGDirectoryTestSuite.execute(TestNGDirectoryTestSuite.java:88)
at org.apache.maven.surefire.testng.TestNGProvider.invoke(TestNGProvider.java:137)
at org.apache.maven.surefire.booter.ForkedBooter.runSuitesInProcess(ForkedBooter.java:385)
at org.apache.maven.surefire.booter.ForkedBooter.execute(ForkedBooter.java:162)
at org.apache.maven.surefire.booter.ForkedBooter.run(ForkedBooter.java:507)
at org.apache.maven.surefire.booter.ForkedBooter.main(ForkedBooter.java:495)
]]>
    </failure>
    <system-out>
      <![CDATA[Starting 1-dice distribution test (1000 rolls)...
Progress: 100/1000
Progress: 200/1000
Progress: 300/1000
Progress: 400/1000
Progress: 500/1000
Progress: 600/1000
Progress: 700/1000
Progress: 800/1000
Progress: 900/1000
Progress: 1000/1000
--- Distribution Chart (expected: 167 per face) ---
Face 1 [████████████████████████████████        ]  151 (-9,4%)
Face 2 [█████████████████████████████████████   ]  177 (+6,2%)
Face 3 [██████████████████████████████          ]  143 (-14,2%)
Face 4 [████████████████████████████████████████]  188 (+12,8%)
Face 5 [█████████████████████████████████████   ]  178 (+6,8%)
Face 6 [██████████████████████████████████      ]  163 (-2,2%)
Max deviation: 14,20% (face 3 — count 143, expected 167)]]>
    </system-out>
  </testcase> <!-- oneDiceTest -->
  <testcase classname="tests.DiceRollerTest" name="twoDicesTest" time="574.153">
    <failure message="Deviation 16,00% on face 4 exceeds the 5% limit expected [true] but found [false]" type="java.lang.AssertionError">
      <![CDATA[java.lang.AssertionError: Deviation 16,00% on face 4 exceeds the 5% limit expected [true] but found [false]
at org.testng.Assert.fail(Assert.java:111)
at org.testng.Assert.failNotEquals(Assert.java:1578)
at org.testng.Assert.assertTrue(Assert.java:57)
at tests.DiceRollerTest.assertUniformDistribution(DiceRollerTest.java:122)
at tests.DiceRollerTest.twoDicesTest(DiceRollerTest.java:98)
at java.base/jdk.internal.reflect.DirectMethodHandleAccessor.invoke(DirectMethodHandleAccessor.java:104)
at java.base/java.lang.reflect.Method.invoke(Method.java:565)
at org.testng.internal.invokers.MethodInvocationHelper.invokeMethod(MethodInvocationHelper.java:141)
at org.testng.internal.invokers.TestInvoker.invokeMethod(TestInvoker.java:686)
at org.testng.internal.invokers.TestInvoker.invokeTestMethod(TestInvoker.java:230)
at org.testng.internal.invokers.MethodRunner.runInSequence(MethodRunner.java:63)
at org.testng.internal.invokers.TestInvoker$MethodInvocationAgent.invoke(TestInvoker.java:992)
at org.testng.internal.invokers.TestInvoker.invokeTestMethods(TestInvoker.java:203)
at org.testng.internal.invokers.TestMethodWorker.invokeTestMethods(TestMethodWorker.java:154)
at org.testng.internal.invokers.TestMethodWorker.run(TestMethodWorker.java:134)
at java.base/java.util.ArrayList.forEach(ArrayList.java:1604)
at org.testng.TestRunner.privateRun(TestRunner.java:739)
at org.testng.TestRunner.run(TestRunner.java:614)
at org.testng.SuiteRunner.runTest(SuiteRunner.java:421)
at org.testng.SuiteRunner.runSequentially(SuiteRunner.java:413)
at org.testng.SuiteRunner.privateRun(SuiteRunner.java:373)
at org.testng.SuiteRunner.run(SuiteRunner.java:312)
at org.testng.SuiteRunnerWorker.runSuite(SuiteRunnerWorker.java:52)
at org.testng.SuiteRunnerWorker.run(SuiteRunnerWorker.java:95)
at org.testng.TestNG.runSuitesSequentially(TestNG.java:1274)
at org.testng.TestNG.runSuitesLocally(TestNG.java:1208)
at org.testng.TestNG.runSuites(TestNG.java:1112)
at org.testng.TestNG.run(TestNG.java:1079)
at org.apache.maven.surefire.testng.TestNGExecutor.run(TestNGExecutor.java:155)
at org.apache.maven.surefire.testng.TestNGDirectoryTestSuite.executeMulti(TestNGDirectoryTestSuite.java:169)
at org.apache.maven.surefire.testng.TestNGDirectoryTestSuite.execute(TestNGDirectoryTestSuite.java:88)
at org.apache.maven.surefire.testng.TestNGProvider.invoke(TestNGProvider.java:137)
at org.apache.maven.surefire.booter.ForkedBooter.runSuitesInProcess(ForkedBooter.java:385)
at org.apache.maven.surefire.booter.ForkedBooter.execute(ForkedBooter.java:162)
at org.apache.maven.surefire.booter.ForkedBooter.run(ForkedBooter.java:507)
at org.apache.maven.surefire.booter.ForkedBooter.main(ForkedBooter.java:495)
]]>
    </failure>
    <system-out>
      <![CDATA[Starting 2-dice distribution test (1000 rolls)...
Progress: 100/1000
Progress: 200/1000
Progress: 300/1000
Progress: 400/1000
Progress: 500/1000
Progress: 600/1000
Progress: 700/1000
Progress: 800/1000
Progress: 900/1000
Progress: 1000/1000
=== Die 1 ===
--- Distribution Chart (expected: 167 per face) ---
Face 1 [████████████████████████████████████████]  188 (+12,8%)
Face 2 [█████████████████████████████████████   ]  177 (+6,2%)
Face 3 [████████████████████████████████        ]  153 (-8,2%)
Face 4 [█████████████████████████████           ]  140 (-16,0%)
Face 5 [█████████████████████████████████████   ]  174 (+4,4%)
Face 6 [███████████████████████████████████     ]  168 (+0,8%)
Max deviation: 16,00% (face 4 — count 140, expected 167)]]>
    </system-out>
  </testcase> <!-- twoDicesTest -->
  <system-out>
    <![CDATA[Starting 1-dice distribution test (1000 rolls)...
Progress: 100/1000
Progress: 200/1000
Progress: 300/1000
Progress: 400/1000
Progress: 500/1000
Progress: 600/1000
Progress: 700/1000
Progress: 800/1000
Progress: 900/1000
Progress: 1000/1000
--- Distribution Chart (expected: 167 per face) ---
Face 1 [████████████████████████████████        ]  151 (-9,4%)
Face 2 [█████████████████████████████████████   ]  177 (+6,2%)
Face 3 [██████████████████████████████          ]  143 (-14,2%)
Face 4 [████████████████████████████████████████]  188 (+12,8%)
Face 5 [█████████████████████████████████████   ]  178 (+6,8%)
Face 6 [██████████████████████████████████      ]  163 (-2,2%)
Max deviation: 14,20% (face 3 — count 143, expected 167)
Starting 2-dice distribution test (1000 rolls)...
Progress: 100/1000
Progress: 200/1000
Progress: 300/1000
Progress: 400/1000
Progress: 500/1000
Progress: 600/1000
Progress: 700/1000
Progress: 800/1000
Progress: 900/1000
Progress: 1000/1000
=== Die 1 ===
--- Distribution Chart (expected: 167 per face) ---
Face 1 [████████████████████████████████████████]  188 (+12,8%)
Face 2 [█████████████████████████████████████   ]  177 (+6,2%)
Face 3 [████████████████████████████████        ]  153 (-8,2%)
Face 4 [█████████████████████████████           ]  140 (-16,0%)
Face 5 [█████████████████████████████████████   ]  174 (+4,4%)
Face 6 [███████████████████████████████████     ]  168 (+0,8%)
Max deviation: 16,00% (face 4 — count 140, expected 167)]]>
  </system-out>
</testsuite> <!-- tests.DiceRollerTest -->
